<?xml version="1.0" encoding="UTF-8"?>
<!-- Generated by org.testng.reporters.JUnitReportReporter -->
<testsuite hostname="DESKTOP-HE8N2L5" failures="0" tests="4" name="api.test.UserTests" time="9.895" errors="0" timestamp="2022-10-19T00:07:00 IST" skipped="0">
  <testcase classname="api.test.UserTests" name="testPostUser" time="4.767"/>
  <system-out/>
  <testcase classname="api.test.UserTests" name="testGetUserByName" time="1.273"/>
  <system-out/>
  <testcase classname="api.test.UserTests" name="testUpdateUserByName" time="2.632"/>
  <system-out/>
  <testcase classname="api.test.UserTests" name="deleteuserByname" time="1.223"/>
  <system-out/>
</testsuite> <!-- api.test.UserTests -->
